# JRE version: Java(TM) SE Runtime Environment (8.0_111-b14) (build 1.8.0_111-b14)
# Java VM: Java HotSpot(TM) 64-Bit Server VM (25.111-b14 mixed mode windows-amd64 compressed oops)
Heap:
 PSYoungGen      total 88064K, used 70891K [0x000000076b580000, 0x0000000771b00000, 0x00000007c0000000)
  eden space 77312K, 77% used [0x000000076b580000,0x000000076f041158,0x0000000770100000)
  from space 10752K, 99% used [0x0000000770b80000,0x00000007715f9e08,0x0000000771600000)
  to   space 10752K, 0% used [0x0000000770100000,0x0000000770100000,0x0000000770b80000)
 ParOldGen       total 114688K, used 13567K [0x00000006c2000000, 0x00000006c9000000, 0x000000076b580000)
  object space 114688K, 11% used [0x00000006c2000000,0x00000006c2d3ff38,0x00000006c9000000)
 Metaspace       used 20587K, capacity 21102K, committed 21296K, reserved 1071104K
  class space    used 2493K, capacity 2648K, committed 2688K, reserved 1048576K
GC Heap History (10 events):
Event: 2.845 GC heap before
{Heap before GC invocations=1 (full 0):
 PSYoungGen      total 75776K, used 35163K [0x000000076b580000, 0x0000000770a00000, 0x00000007c0000000)
  eden space 65024K, 54% used [0x000000076b580000,0x000000076d7d6ef0,0x000000076f500000)
  from space 10752K, 0% used [0x000000076ff80000,0x000000076ff80000,0x0000000770a00000)
  to   space 10752K, 0% used [0x000000076f500000,0x000000076f500000,0x000000076ff80000)
 ParOldGen       total 173568K, used 0K [0x00000006c2000000, 0x00000006cc980000, 0x000000076b580000)
  object space 173568K, 0% used [0x00000006c2000000,0x00000006c2000000,0x00000006cc980000)
 Metaspace       used 7843K, capacity 7944K, committed 8064K, reserved 1060864K
  class space    used 993K, capacity 1050K, committed 1152K, reserved 1048576K
Event: 2.883 GC heap after
Heap after GC invocations=1 (full 0):
 PSYoungGen      total 75776K, used 4689K [0x000000076b580000, 0x0000000770a00000, 0x00000007c0000000)
  eden space 65024K, 0% used [0x000000076b580000,0x000000076b580000,0x000000076f500000)
  from space 10752K, 43% used [0x000000076f500000,0x000000076f994568,0x000000076ff80000)
  to   space 10752K, 0% used [0x000000076ff80000,0x000000076ff80000,0x0000000770a00000)
 ParOldGen       total 173568K, used 8K [0x00000006c2000000, 0x00000006cc980000, 0x000000076b580000)
  object space 173568K, 0% used [0x00000006c2000000,0x00000006c2002000,0x00000006cc980000)
 Metaspace       used 7843K, capacity 7944K, committed 8064K, reserved 1060864K
  class space    used 993K, capacity 1050K, committed 1152K, reserved 1048576K
}
Event: 2.883 GC heap before
{Heap before GC invocations=2 (full 1):
 PSYoungGen      total 75776K, used 4689K [0x000000076b580000, 0x0000000770a00000, 0x00000007c0000000)
  eden space 65024K, 0% used [0x000000076b580000,0x000000076b580000,0x000000076f500000)
  from space 10752K, 43% used [0x000000076f500000,0x000000076f994568,0x000000076ff80000)
  to   space 10752K, 0% used [0x000000076ff80000,0x000000076ff80000,0x0000000770a00000)
 ParOldGen       total 173568K, used 8K [0x00000006c2000000, 0x00000006cc980000, 0x000000076b580000)
  object space 173568K, 0% used [0x00000006c2000000,0x00000006c2002000,0x00000006cc980000)
 Metaspace       used 7843K, capacity 7944K, committed 8064K, reserved 1060864K
  class space    used 993K, capacity 1050K, committed 1152K, reserved 1048576K
Event: 2.968 GC heap after
Heap after GC invocations=2 (full 1):
 PSYoungGen      total 75776K, used 0K [0x000000076b580000, 0x0000000770a00000, 0x00000007c0000000)
  eden space 65024K, 0% used [0x000000076b580000,0x000000076b580000,0x000000076f500000)
  from space 10752K, 0% used [0x000000076f500000,0x000000076f500000,0x000000076ff80000)
  to   space 10752K, 0% used [0x000000076ff80000,0x000000076ff80000,0x0000000770a00000)
 ParOldGen       total 114688K, used 4440K [0x00000006c2000000, 0x00000006c9000000, 0x000000076b580000)
  object space 114688K, 3% used [0x00000006c2000000,0x00000006c24562c0,0x00000006c9000000)
 Metaspace       used 7843K, capacity 7944K, committed 8064K, reserved 1058816K
  class space    used 993K, capacity 1050K, committed 1152K, reserved 1048576K
}
Event: 85.787 GC heap before
{Heap before GC invocations=3 (full 1):
 PSYoungGen      total 75776K, used 65024K [0x000000076b580000, 0x0000000770a00000, 0x00000007c0000000)
  eden space 65024K, 100% used [0x000000076b580000,0x000000076f500000,0x000000076f500000)
  from space 10752K, 0% used [0x000000076f500000,0x000000076f500000,0x000000076ff80000)
  to   space 10752K, 0% used [0x000000076ff80000,0x000000076ff80000,0x0000000770a00000)
 ParOldGen       total 114688K, used 4440K [0x00000006c2000000, 0x00000006c9000000, 0x000000076b580000)
  object space 114688K, 3% used [0x00000006c2000000,0x00000006c24562c0,0x00000006c9000000)
 Metaspace       used 12611K, capacity 12838K, committed 12928K, reserved 1062912K
  class space    used 1531K, capacity 1611K, committed 1664K, reserved 1048576K
Event: 85.969 GC heap after
Heap after GC invocations=3 (full 1):
 PSYoungGen      total 75776K, used 7589K [0x000000076b580000, 0x0000000771780000, 0x00000007c0000000)
  eden space 65024K, 0% used [0x000000076b580000,0x000000076b580000,0x000000076f500000)
  from space 10752K, 70% used [0x000000076ff80000,0x00000007706e9740,0x0000000770a00000)
  to   space 10752K, 0% used [0x000000076f500000,0x000000076f500000,0x000000076ff80000)
 ParOldGen       total 114688K, used 4448K [0x00000006c2000000, 0x00000006c9000000, 0x000000076b580000)
  object space 114688K, 3% used [0x00000006c2000000,0x00000006c24582c0,0x00000006c9000000)
 Metaspace       used 12611K, capacity 12838K, committed 12928K, reserved 1062912K
  class space    used 1531K, capacity 1611K, committed 1664K, reserved 1048576K
}
Event: 115.614 GC heap before
{Heap before GC invocations=4 (full 1):
 PSYoungGen      total 75776K, used 72613K [0x000000076b580000, 0x0000000771780000, 0x00000007c0000000)
  eden space 65024K, 100% used [0x000000076b580000,0x000000076f500000,0x000000076f500000)
  from space 10752K, 70% used [0x000000076ff80000,0x00000007706e9740,0x0000000770a00000)
  to   space 10752K, 0% used [0x000000076f500000,0x000000076f500000,0x000000076ff80000)
 ParOldGen       total 114688K, used 4448K [0x00000006c2000000, 0x00000006c9000000, 0x000000076b580000)
  object space 114688K, 3% used [0x00000006c2000000,0x00000006c24582c0,0x00000006c9000000)
 Metaspace       used 14006K, capacity 14380K, committed 14592K, reserved 1062912K
  class space    used 1657K, capacity 1732K, committed 1792K, reserved 1048576K
Event: 115.734 GC heap after
Heap after GC invocations=4 (full 1):
 PSYoungGen      total 75776K, used 7372K [0x000000076b580000, 0x0000000771600000, 0x00000007c0000000)
  eden space 65024K, 0% used [0x000000076b580000,0x000000076b580000,0x000000076f500000)
  from space 10752K, 68% used [0x000000076f500000,0x000000076fc33070,0x000000076ff80000)
  to   space 10752K, 0% used [0x0000000770b80000,0x0000000770b80000,0x0000000771600000)
 ParOldGen       total 114688K, used 4448K [0x00000006c2000000, 0x00000006c9000000, 0x000000076b580000)
  object space 114688K, 3% used [0x00000006c2000000,0x00000006c24582c0,0x00000006c9000000)
 Metaspace       used 14006K, capacity 14380K, committed 14592K, reserved 1062912K
  class space    used 1657K, capacity 1732K, committed 1792K, reserved 1048576K
}
Event: 127.221 GC heap before
{Heap before GC invocations=5 (full 1):
 PSYoungGen      total 75776K, used 72396K [0x000000076b580000, 0x0000000771600000, 0x00000007c0000000)
  eden space 65024K, 100% used [0x000000076b580000,0x000000076f500000,0x000000076f500000)
  from space 10752K, 68% used [0x000000076f500000,0x000000076fc33070,0x000000076ff80000)
  to   space 10752K, 0% used [0x0000000770b80000,0x0000000770b80000,0x0000000771600000)
 ParOldGen       total 114688K, used 4448K [0x00000006c2000000, 0x00000006c9000000, 0x000000076b580000)
  object space 114688K, 3% used [0x00000006c2000000,0x00000006c24582c0,0x00000006c9000000)
 Metaspace       used 17798K, capacity 18200K, committed 18432K, reserved 1067008K
  class space    used 2174K, capacity 2284K, committed 2304K, reserved 1048576K
Event: 127.475 GC heap after
Heap after GC invocations=5 (full 1):
 PSYoungGen      total 88064K, used 10727K [0x000000076b580000, 0x0000000771b00000, 0x00000007c0000000)
  eden space 77312K, 0% used [0x000000076b580000,0x000000076b580000,0x0000000770100000)
  from space 10752K, 99% used [0x0000000770b80000,0x00000007715f9e08,0x0000000771600000)
  to   space 10752K, 0% used [0x0000000770100000,0x0000000770100000,0x0000000770b80000)
 ParOldGen       total 114688K, used 13567K [0x00000006c2000000, 0x00000006c9000000, 0x000000076b580000)
  object space 114688K, 11% used [0x00000006c2000000,0x00000006c2d3ff38,0x00000006c9000000)
 Metaspace       used 17798K, capacity 18200K, committed 18432K, reserved 1067008K
  class space    used 2174K, capacity 2284K, committed 2304K, reserved 1048576K
}

