# JRE version: Java(TM) SE Runtime Environment (8.0_111-b14) (build 1.8.0_111-b14)
# Java VM: Java HotSpot(TM) 64-Bit Server VM (25.111-b14 mixed mode windows-amd64 compressed oops)
Heap:
 PSYoungGen      total 485376K, used 22912K [0x000000076b580000, 0x0000000793e00000, 0x00000007c0000000)
  eden space 463360K, 4% used [0x000000076b580000,0x000000076cbe0118,0x0000000787a00000)
  from space 22016K, 0% used [0x0000000787a00000,0x0000000787a00000,0x0000000788f80000)
  to   space 24576K, 0% used [0x0000000792600000,0x0000000792600000,0x0000000793e00000)
 ParOldGen       total 174592K, used 60127K [0x00000006c2000000, 0x00000006cca80000, 0x000000076b580000)
  object space 174592K, 34% used [0x00000006c2000000,0x00000006c5ab7e20,0x00000006cca80000)
 Metaspace       used 59002K, capacity 59829K, committed 60160K, reserved 1101824K
  class space    used 6784K, capacity 7041K, committed 7168K, reserved 1048576K
GC Heap History (10 events):
Event: 22.052 GC heap before
{Heap before GC invocations=16 (full 2):
 PSYoungGen      total 323584K, used 308849K [0x000000076b580000, 0x000000078a500000, 0x00000007c0000000)
  eden space 302080K, 100% used [0x000000076b580000,0x000000077dc80000,0x000000077dc80000)
  from space 21504K, 31% used [0x000000077dc80000,0x000000077e31c5a0,0x000000077f180000)
  to   space 22016K, 0% used [0x0000000788f80000,0x0000000788f80000,0x000000078a500000)
 ParOldGen       total 174592K, used 48988K [0x00000006c2000000, 0x00000006cca80000, 0x000000076b580000)
  object space 174592K, 28% used [0x00000006c2000000,0x00000006c4fd7390,0x00000006cca80000)
 Metaspace       used 52555K, capacity 53403K, committed 53760K, reserved 1097728K
  class space    used 6068K, capacity 6322K, committed 6400K, reserved 1048576K
Event: 22.058 GC heap after
Heap after GC invocations=16 (full 2):
 PSYoungGen      total 485376K, used 6563K [0x000000076b580000, 0x000000078a500000, 0x00000007c0000000)
  eden space 463360K, 0% used [0x000000076b580000,0x000000076b580000,0x0000000787a00000)
  from space 22016K, 29% used [0x0000000788f80000,0x00000007895e8e98,0x000000078a500000)
  to   space 22016K, 0% used [0x0000000787a00000,0x0000000787a00000,0x0000000788f80000)
 ParOldGen       total 174592K, used 49164K [0x00000006c2000000, 0x00000006cca80000, 0x000000076b580000)
  object space 174592K, 28% used [0x00000006c2000000,0x00000006c5003390,0x00000006cca80000)
 Metaspace       used 52555K, capacity 53403K, committed 53760K, reserved 1097728K
  class space    used 6068K, capacity 6322K, committed 6400K, reserved 1048576K
}
Event: 22.226 GC heap before
{Heap before GC invocations=17 (full 2):
 PSYoungGen      total 485376K, used 469923K [0x000000076b580000, 0x000000078a500000, 0x00000007c0000000)
  eden space 463360K, 100% used [0x000000076b580000,0x0000000787a00000,0x0000000787a00000)
  from space 22016K, 29% used [0x0000000788f80000,0x00000007895e8e98,0x000000078a500000)
  to   space 22016K, 0% used [0x0000000787a00000,0x0000000787a00000,0x0000000788f80000)
 ParOldGen       total 174592K, used 49164K [0x00000006c2000000, 0x00000006cca80000, 0x000000076b580000)
  object space 174592K, 28% used [0x00000006c2000000,0x00000006c5003390,0x00000006cca80000)
 Metaspace       used 52555K, capacity 53403K, committed 53760K, reserved 1097728K
  class space    used 6068K, capacity 6322K, committed 6400K, reserved 1048576K
Event: 22.232 GC heap after
Heap after GC invocations=17 (full 2):
 PSYoungGen      total 485376K, used 178K [0x000000076b580000, 0x000000078a500000, 0x00000007c0000000)
  eden space 463360K, 0% used [0x000000076b580000,0x000000076b580000,0x0000000787a00000)
  from space 22016K, 0% used [0x0000000787a00000,0x0000000787a2c8f0,0x0000000788f80000)
  to   space 22016K, 0% used [0x0000000788f80000,0x0000000788f80000,0x000000078a500000)
 ParOldGen       total 174592K, used 55674K [0x00000006c2000000, 0x00000006cca80000, 0x000000076b580000)
  object space 174592K, 31% used [0x00000006c2000000,0x00000006c565eb90,0x00000006cca80000)
 Metaspace       used 52555K, capacity 53403K, committed 53760K, reserved 1097728K
  class space    used 6068K, capacity 6322K, committed 6400K, reserved 1048576K
}
Event: 22.345 GC heap before
{Heap before GC invocations=18 (full 2):
 PSYoungGen      total 485376K, used 463538K [0x000000076b580000, 0x000000078a500000, 0x00000007c0000000)
  eden space 463360K, 100% used [0x000000076b580000,0x0000000787a00000,0x0000000787a00000)
  from space 22016K, 0% used [0x0000000787a00000,0x0000000787a2c8f0,0x0000000788f80000)
  to   space 22016K, 0% used [0x0000000788f80000,0x0000000788f80000,0x000000078a500000)
 ParOldGen       total 174592K, used 55674K [0x00000006c2000000, 0x00000006cca80000, 0x000000076b580000)
  object space 174592K, 31% used [0x00000006c2000000,0x00000006c565eb90,0x00000006cca80000)
 Metaspace       used 52555K, capacity 53403K, committed 53760K, reserved 1097728K
  class space    used 6068K, capacity 6322K, committed 6400K, reserved 1048576K
Event: 22.349 GC heap after
Heap after GC invocations=18 (full 2):
 PSYoungGen      total 485376K, used 352K [0x000000076b580000, 0x000000078a500000, 0x00000007c0000000)
  eden space 463360K, 0% used [0x000000076b580000,0x000000076b580000,0x0000000787a00000)
  from space 22016K, 1% used [0x0000000788f80000,0x0000000788fd8000,0x000000078a500000)
  to   space 22016K, 0% used [0x0000000787a00000,0x0000000787a00000,0x0000000788f80000)
 ParOldGen       total 174592K, used 55810K [0x00000006c2000000, 0x00000006cca80000, 0x000000076b580000)
  object space 174592K, 31% used [0x00000006c2000000,0x00000006c5680b90,0x00000006cca80000)
 Metaspace       used 52555K, capacity 53403K, committed 53760K, reserved 1097728K
  class space    used 6068K, capacity 6322K, committed 6400K, reserved 1048576K
}
Event: 36.974 GC heap before
{Heap before GC invocations=19 (full 2):
 PSYoungGen      total 485376K, used 326920K [0x000000076b580000, 0x000000078a500000, 0x00000007c0000000)
  eden space 463360K, 70% used [0x000000076b580000,0x000000077f46a358,0x0000000787a00000)
  from space 22016K, 1% used [0x0000000788f80000,0x0000000788fd8000,0x000000078a500000)
  to   space 22016K, 0% used [0x0000000787a00000,0x0000000787a00000,0x0000000788f80000)
 ParOldGen       total 174592K, used 55810K [0x00000006c2000000, 0x00000006cca80000, 0x000000076b580000)
  object space 174592K, 31% used [0x00000006c2000000,0x00000006c5680b90,0x00000006cca80000)
 Metaspace       used 58123K, capacity 58901K, committed 59136K, reserved 1101824K
  class space    used 6636K, capacity 6881K, committed 6912K, reserved 1048576K
Event: 36.985 GC heap after
Heap after GC invocations=19 (full 2):
 PSYoungGen      total 485376K, used 15297K [0x000000076b580000, 0x0000000793e00000, 0x00000007c0000000)
  eden space 463360K, 0% used [0x000000076b580000,0x000000076b580000,0x0000000787a00000)
  from space 22016K, 69% used [0x0000000787a00000,0x00000007888f0770,0x0000000788f80000)
  to   space 24576K, 0% used [0x0000000792600000,0x0000000792600000,0x0000000793e00000)
 ParOldGen       total 174592K, used 55954K [0x00000006c2000000, 0x00000006cca80000, 0x000000076b580000)
  object space 174592K, 32% used [0x00000006c2000000,0x00000006c56a4b90,0x00000006cca80000)
 Metaspace       used 58123K, capacity 58901K, committed 59136K, reserved 1101824K
  class space    used 6636K, capacity 6881K, committed 6912K, reserved 1048576K
}
Event: 36.985 GC heap before
{Heap before GC invocations=20 (full 3):
 PSYoungGen      total 485376K, used 15297K [0x000000076b580000, 0x0000000793e00000, 0x00000007c0000000)
  eden space 463360K, 0% used [0x000000076b580000,0x000000076b580000,0x0000000787a00000)
  from space 22016K, 69% used [0x0000000787a00000,0x00000007888f0770,0x0000000788f80000)
  to   space 24576K, 0% used [0x0000000792600000,0x0000000792600000,0x0000000793e00000)
 ParOldGen       total 174592K, used 55954K [0x00000006c2000000, 0x00000006cca80000, 0x000000076b580000)
  object space 174592K, 32% used [0x00000006c2000000,0x00000006c56a4b90,0x00000006cca80000)
 Metaspace       used 58123K, capacity 58901K, committed 59136K, reserved 1101824K
  class space    used 6636K, capacity 6881K, committed 6912K, reserved 1048576K
Event: 37.150 GC heap after
Heap after GC invocations=20 (full 3):
 PSYoungGen      total 485376K, used 0K [0x000000076b580000, 0x0000000793e00000, 0x00000007c0000000)
  eden space 463360K, 0% used [0x000000076b580000,0x000000076b580000,0x0000000787a00000)
  from space 22016K, 0% used [0x0000000787a00000,0x0000000787a00000,0x0000000788f80000)
  to   space 24576K, 0% used [0x0000000792600000,0x0000000792600000,0x0000000793e00000)
 ParOldGen       total 174592K, used 60127K [0x00000006c2000000, 0x00000006cca80000, 0x000000076b580000)
  object space 174592K, 34% used [0x00000006c2000000,0x00000006c5ab7e20,0x00000006cca80000)
 Metaspace       used 58123K, capacity 58901K, committed 59136K, reserved 1101824K
  class space    used 6636K, capacity 6881K, committed 6912K, reserved 1048576K
}

