# JRE version: Java(TM) SE Runtime Environment (8.0_111-b14) (build 1.8.0_111-b14)
# Java VM: Java HotSpot(TM) 64-Bit Server VM (25.111-b14 mixed mode windows-amd64 compressed oops)
Heap:
 PSYoungGen      total 140800K, used 33345K [0x000000076b580000, 0x0000000774980000, 0x00000007c0000000)
  eden space 130048K, 17% used [0x000000076b580000,0x000000076cb96308,0x0000000773480000)
  from space 10752K, 99% used [0x0000000773f00000,0x000000077497a4a8,0x0000000774980000)
  to   space 10752K, 0% used [0x0000000773480000,0x0000000773480000,0x0000000773f00000)
 ParOldGen       total 173568K, used 14809K [0x00000006c2000000, 0x00000006cc980000, 0x000000076b580000)
  object space 173568K, 8% used [0x00000006c2000000,0x00000006c2e76750,0x00000006cc980000)
 Metaspace       used 19384K, capacity 19848K, committed 19968K, reserved 1067008K
  class space    used 2318K, capacity 2487K, committed 2560K, reserved 1048576K
GC Heap History (8 events):
Event: 198.899 GC heap before
{Heap before GC invocations=1 (full 0):
 PSYoungGen      total 75776K, used 65024K [0x000000076b580000, 0x0000000770a00000, 0x00000007c0000000)
  eden space 65024K, 100% used [0x000000076b580000,0x000000076f500000,0x000000076f500000)
  from space 10752K, 0% used [0x000000076ff80000,0x000000076ff80000,0x0000000770a00000)
  to   space 10752K, 0% used [0x000000076f500000,0x000000076f500000,0x000000076ff80000)
 ParOldGen       total 173568K, used 0K [0x00000006c2000000, 0x00000006cc980000, 0x000000076b580000)
  object space 173568K, 0% used [0x00000006c2000000,0x00000006c2000000,0x00000006cc980000)
 Metaspace       used 12248K, capacity 12468K, committed 12672K, reserved 1060864K
  class space    used 1499K, capacity 1576K, committed 1664K, reserved 1048576K
Event: 199.696 GC heap after
Heap after GC invocations=1 (full 0):
 PSYoungGen      total 75776K, used 9965K [0x000000076b580000, 0x0000000770a00000, 0x00000007c0000000)
  eden space 65024K, 0% used [0x000000076b580000,0x000000076b580000,0x000000076f500000)
  from space 10752K, 92% used [0x000000076f500000,0x000000076febb718,0x000000076ff80000)
  to   space 10752K, 0% used [0x000000076ff80000,0x000000076ff80000,0x0000000770a00000)
 ParOldGen       total 173568K, used 0K [0x00000006c2000000, 0x00000006cc980000, 0x000000076b580000)
  object space 173568K, 0% used [0x00000006c2000000,0x00000006c2000000,0x00000006cc980000)
 Metaspace       used 12248K, capacity 12468K, committed 12672K, reserved 1060864K
  class space    used 1499K, capacity 1576K, committed 1664K, reserved 1048576K
}
Event: 224.897 GC heap before
{Heap before GC invocations=2 (full 0):
 PSYoungGen      total 75776K, used 74989K [0x000000076b580000, 0x0000000770a00000, 0x00000007c0000000)
  eden space 65024K, 100% used [0x000000076b580000,0x000000076f500000,0x000000076f500000)
  from space 10752K, 92% used [0x000000076f500000,0x000000076febb718,0x000000076ff80000)
  to   space 10752K, 0% used [0x000000076ff80000,0x000000076ff80000,0x0000000770a00000)
 ParOldGen       total 173568K, used 0K [0x00000006c2000000, 0x00000006cc980000, 0x000000076b580000)
  object space 173568K, 0% used [0x00000006c2000000,0x00000006c2000000,0x00000006cc980000)
 Metaspace       used 12903K, capacity 13148K, committed 13440K, reserved 1060864K
  class space    used 1534K, capacity 1620K, committed 1664K, reserved 1048576K
Event: 225.855 GC heap after
Heap after GC invocations=2 (full 0):
 PSYoungGen      total 75776K, used 7355K [0x000000076b580000, 0x0000000774980000, 0x00000007c0000000)
  eden space 65024K, 0% used [0x000000076b580000,0x000000076b580000,0x000000076f500000)
  from space 10752K, 68% used [0x000000076ff80000,0x00000007706aef40,0x0000000770a00000)
  to   space 10752K, 0% used [0x000000076f500000,0x000000076f500000,0x000000076ff80000)
 ParOldGen       total 173568K, used 0K [0x00000006c2000000, 0x00000006cc980000, 0x000000076b580000)
  object space 173568K, 0% used [0x00000006c2000000,0x00000006c2000000,0x00000006cc980000)
 Metaspace       used 12903K, capacity 13148K, committed 13440K, reserved 1060864K
  class space    used 1534K, capacity 1620K, committed 1664K, reserved 1048576K
}
Event: 250.189 GC heap before
{Heap before GC invocations=3 (full 0):
 PSYoungGen      total 75776K, used 72353K [0x000000076b580000, 0x0000000774980000, 0x00000007c0000000)
  eden space 65024K, 99% used [0x000000076b580000,0x000000076f4f9690,0x000000076f500000)
  from space 10752K, 68% used [0x000000076ff80000,0x00000007706aef40,0x0000000770a00000)
  to   space 10752K, 0% used [0x000000076f500000,0x000000076f500000,0x000000076ff80000)
 ParOldGen       total 173568K, used 0K [0x00000006c2000000, 0x00000006cc980000, 0x000000076b580000)
  object space 173568K, 0% used [0x00000006c2000000,0x00000006c2000000,0x00000006cc980000)
 Metaspace       used 17282K, capacity 17720K, committed 17920K, reserved 1064960K
  class space    used 2100K, capacity 2188K, committed 2304K, reserved 1048576K
Event: 250.580 GC heap after
Heap after GC invocations=3 (full 0):
 PSYoungGen      total 75776K, used 10651K [0x000000076b580000, 0x0000000774980000, 0x00000007c0000000)
  eden space 65024K, 0% used [0x000000076b580000,0x000000076b580000,0x000000076f500000)
  from space 10752K, 99% used [0x000000076f500000,0x000000076ff66e38,0x000000076ff80000)
  to   space 10752K, 0% used [0x0000000773f00000,0x0000000773f00000,0x0000000774980000)
 ParOldGen       total 173568K, used 16K [0x00000006c2000000, 0x00000006cc980000, 0x000000076b580000)
  object space 173568K, 0% used [0x00000006c2000000,0x00000006c2004000,0x00000006cc980000)
 Metaspace       used 17282K, capacity 17720K, committed 17920K, reserved 1064960K
  class space    used 2100K, capacity 2188K, committed 2304K, reserved 1048576K
}
Event: 261.575 GC heap before
{Heap before GC invocations=4 (full 0):
 PSYoungGen      total 75776K, used 75675K [0x000000076b580000, 0x0000000774980000, 0x00000007c0000000)
  eden space 65024K, 100% used [0x000000076b580000,0x000000076f500000,0x000000076f500000)
  from space 10752K, 99% used [0x000000076f500000,0x000000076ff66e38,0x000000076ff80000)
  to   space 10752K, 0% used [0x0000000773f00000,0x0000000773f00000,0x0000000774980000)
 ParOldGen       total 173568K, used 16K [0x00000006c2000000, 0x00000006cc980000, 0x000000076b580000)
  object space 173568K, 0% used [0x00000006c2000000,0x00000006c2004000,0x00000006cc980000)
 Metaspace       used 18497K, capacity 18992K, committed 19328K, reserved 1067008K
  class space    used 2218K, capacity 2351K, committed 2432K, reserved 1048576K
Event: 261.731 GC heap after
Heap after GC invocations=4 (full 0):
 PSYoungGen      total 140800K, used 10729K [0x000000076b580000, 0x0000000774980000, 0x00000007c0000000)
  eden space 130048K, 0% used [0x000000076b580000,0x000000076b580000,0x0000000773480000)
  from space 10752K, 99% used [0x0000000773f00000,0x000000077497a4a8,0x0000000774980000)
  to   space 10752K, 0% used [0x0000000773480000,0x0000000773480000,0x0000000773f00000)
 ParOldGen       total 173568K, used 14809K [0x00000006c2000000, 0x00000006cc980000, 0x000000076b580000)
  object space 173568K, 8% used [0x00000006c2000000,0x00000006c2e76750,0x00000006cc980000)
 Metaspace       used 18497K, capacity 18992K, committed 19328K, reserved 1067008K
  class space    used 2218K, capacity 2351K, committed 2432K, reserved 1048576K
}

