# JRE version: Java(TM) SE Runtime Environment (8.0_111-b14) (build 1.8.0_111-b14)
# Java VM: Java HotSpot(TM) 64-Bit Server VM (25.111-b14 mixed mode windows-amd64 compressed oops)
Heap:
 PSYoungGen      total 75776K, used 11160K [0x000000076b580000, 0x0000000770a00000, 0x00000007c0000000)
  eden space 65024K, 5% used [0x000000076b580000,0x000000076b92d268,0x000000076f500000)
  from space 10752K, 68% used [0x000000076f500000,0x000000076fc39010,0x000000076ff80000)
  to   space 10752K, 0% used [0x000000076ff80000,0x000000076ff80000,0x0000000770a00000)
 ParOldGen       total 131584K, used 4168K [0x00000006c2000000, 0x00000006ca080000, 0x000000076b580000)
  object space 131584K, 3% used [0x00000006c2000000,0x00000006c2412250,0x00000006ca080000)
 Metaspace       used 14028K, capacity 14380K, committed 14592K, reserved 1062912K
  class space    used 1658K, capacity 1732K, committed 1792K, reserved 1048576K
GC Heap History (8 events):
Event: 2.871 GC heap before
{Heap before GC invocations=1 (full 0):
 PSYoungGen      total 75776K, used 33838K [0x000000076b580000, 0x0000000770a00000, 0x00000007c0000000)
  eden space 65024K, 52% used [0x000000076b580000,0x000000076d68b800,0x000000076f500000)
  from space 10752K, 0% used [0x000000076ff80000,0x000000076ff80000,0x0000000770a00000)
  to   space 10752K, 0% used [0x000000076f500000,0x000000076f500000,0x000000076ff80000)
 ParOldGen       total 173568K, used 0K [0x00000006c2000000, 0x00000006cc980000, 0x000000076b580000)
  object space 173568K, 0% used [0x00000006c2000000,0x00000006c2000000,0x00000006cc980000)
 Metaspace       used 7653K, capacity 7778K, committed 7936K, reserved 1056768K
  class space    used 965K, capacity 1017K, committed 1024K, reserved 1048576K
Event: 2.874 GC heap after
Heap after GC invocations=1 (full 0):
 PSYoungGen      total 75776K, used 4444K [0x000000076b580000, 0x0000000770a00000, 0x00000007c0000000)
  eden space 65024K, 0% used [0x000000076b580000,0x000000076b580000,0x000000076f500000)
  from space 10752K, 41% used [0x000000076f500000,0x000000076f9570d8,0x000000076ff80000)
  to   space 10752K, 0% used [0x000000076ff80000,0x000000076ff80000,0x0000000770a00000)
 ParOldGen       total 173568K, used 16K [0x00000006c2000000, 0x00000006cc980000, 0x000000076b580000)
  object space 173568K, 0% used [0x00000006c2000000,0x00000006c2004000,0x00000006cc980000)
 Metaspace       used 7653K, capacity 7778K, committed 7936K, reserved 1056768K
  class space    used 965K, capacity 1017K, committed 1024K, reserved 1048576K
}
Event: 2.874 GC heap before
{Heap before GC invocations=2 (full 1):
 PSYoungGen      total 75776K, used 4444K [0x000000076b580000, 0x0000000770a00000, 0x00000007c0000000)
  eden space 65024K, 0% used [0x000000076b580000,0x000000076b580000,0x000000076f500000)
  from space 10752K, 41% used [0x000000076f500000,0x000000076f9570d8,0x000000076ff80000)
  to   space 10752K, 0% used [0x000000076ff80000,0x000000076ff80000,0x0000000770a00000)
 ParOldGen       total 173568K, used 16K [0x00000006c2000000, 0x00000006cc980000, 0x000000076b580000)
  object space 173568K, 0% used [0x00000006c2000000,0x00000006c2004000,0x00000006cc980000)
 Metaspace       used 7653K, capacity 7778K, committed 7936K, reserved 1056768K
  class space    used 965K, capacity 1017K, committed 1024K, reserved 1048576K
Event: 2.926 GC heap after
Heap after GC invocations=2 (full 1):
 PSYoungGen      total 75776K, used 0K [0x000000076b580000, 0x0000000770a00000, 0x00000007c0000000)
  eden space 65024K, 0% used [0x000000076b580000,0x000000076b580000,0x000000076f500000)
  from space 10752K, 0% used [0x000000076f500000,0x000000076f500000,0x000000076ff80000)
  to   space 10752K, 0% used [0x000000076ff80000,0x000000076ff80000,0x0000000770a00000)
 ParOldGen       total 131584K, used 4160K [0x00000006c2000000, 0x00000006ca080000, 0x000000076b580000)
  object space 131584K, 3% used [0x00000006c2000000,0x00000006c2410250,0x00000006ca080000)
 Metaspace       used 7653K, capacity 7778K, committed 7936K, reserved 1056768K
  class space    used 965K, capacity 1017K, committed 1024K, reserved 1048576K
}
Event: 90.100 GC heap before
{Heap before GC invocations=3 (full 1):
 PSYoungGen      total 75776K, used 65024K [0x000000076b580000, 0x0000000770a00000, 0x00000007c0000000)
  eden space 65024K, 100% used [0x000000076b580000,0x000000076f500000,0x000000076f500000)
  from space 10752K, 0% used [0x000000076f500000,0x000000076f500000,0x000000076ff80000)
  to   space 10752K, 0% used [0x000000076ff80000,0x000000076ff80000,0x0000000770a00000)
 ParOldGen       total 131584K, used 4160K [0x00000006c2000000, 0x00000006ca080000, 0x000000076b580000)
  object space 131584K, 3% used [0x00000006c2000000,0x00000006c2410250,0x00000006ca080000)
 Metaspace       used 12656K, capacity 12838K, committed 13184K, reserved 1060864K
  class space    used 1531K, capacity 1611K, committed 1664K, reserved 1048576K
Event: 90.235 GC heap after
Heap after GC invocations=3 (full 1):
 PSYoungGen      total 75776K, used 7800K [0x000000076b580000, 0x0000000770a00000, 0x00000007c0000000)
  eden space 65024K, 0% used [0x000000076b580000,0x000000076b580000,0x000000076f500000)
  from space 10752K, 72% used [0x000000076ff80000,0x000000077071e178,0x0000000770a00000)
  to   space 10752K, 0% used [0x000000076f500000,0x000000076f500000,0x000000076ff80000)
 ParOldGen       total 131584K, used 4160K [0x00000006c2000000, 0x00000006ca080000, 0x000000076b580000)
  object space 131584K, 3% used [0x00000006c2000000,0x00000006c2410250,0x00000006ca080000)
 Metaspace       used 12656K, capacity 12838K, committed 13184K, reserved 1060864K
  class space    used 1531K, capacity 1611K, committed 1664K, reserved 1048576K
}
Event: 137.743 GC heap before
{Heap before GC invocations=4 (full 1):
 PSYoungGen      total 75776K, used 72824K [0x000000076b580000, 0x0000000770a00000, 0x00000007c0000000)
  eden space 65024K, 100% used [0x000000076b580000,0x000000076f500000,0x000000076f500000)
  from space 10752K, 72% used [0x000000076ff80000,0x000000077071e178,0x0000000770a00000)
  to   space 10752K, 0% used [0x000000076f500000,0x000000076f500000,0x000000076ff80000)
 ParOldGen       total 131584K, used 4160K [0x00000006c2000000, 0x00000006ca080000, 0x000000076b580000)
  object space 131584K, 3% used [0x00000006c2000000,0x00000006c2410250,0x00000006ca080000)
 Metaspace       used 13849K, capacity 14216K, committed 14336K, reserved 1062912K
  class space    used 1641K, capacity 1696K, committed 1792K, reserved 1048576K
Event: 138.070 GC heap after
Heap after GC invocations=4 (full 1):
 PSYoungGen      total 75776K, used 7396K [0x000000076b580000, 0x0000000770a00000, 0x00000007c0000000)
  eden space 65024K, 0% used [0x000000076b580000,0x000000076b580000,0x000000076f500000)
  from space 10752K, 68% used [0x000000076f500000,0x000000076fc39010,0x000000076ff80000)
  to   space 10752K, 0% used [0x000000076ff80000,0x000000076ff80000,0x0000000770a00000)
 ParOldGen       total 131584K, used 4168K [0x00000006c2000000, 0x00000006ca080000, 0x000000076b580000)
  object space 131584K, 3% used [0x00000006c2000000,0x00000006c2412250,0x00000006ca080000)
 Metaspace       used 13849K, capacity 14216K, committed 14336K, reserved 1062912K
  class space    used 1641K, capacity 1696K, committed 1792K, reserved 1048576K
}

