# JRE version: Java(TM) SE Runtime Environment (8.0_111-b14) (build 1.8.0_111-b14)
# Java VM: Java HotSpot(TM) 64-Bit Server VM (25.111-b14 mixed mode windows-amd64 compressed oops)
Heap:
 PSYoungGen      total 508416K, used 159349K [0x000000076b580000, 0x000000078c000000, 0x00000007c0000000)
  eden space 484864K, 32% used [0x000000076b580000,0x0000000774d3d520,0x0000000788f00000)
  from space 23552K, 16% used [0x000000078a700000,0x000000078aae0118,0x000000078be00000)
  to   space 24576K, 0% used [0x0000000788f00000,0x0000000788f00000,0x000000078a700000)
 ParOldGen       total 176640K, used 57759K [0x00000006c2000000, 0x00000006ccc80000, 0x000000076b580000)
  object space 176640K, 32% used [0x00000006c2000000,0x00000006c5867f68,0x00000006ccc80000)
 Metaspace       used 54091K, capacity 54887K, committed 55168K, reserved 1097728K
  class space    used 6257K, capacity 6516K, committed 6528K, reserved 1048576K
GC Heap History (10 events):
Event: 20.985 GC heap before
{Heap before GC invocations=14 (full 2):
 PSYoungGen      total 227328K, used 215178K [0x000000076b580000, 0x0000000781600000, 0x00000007c0000000)
  eden space 204288K, 100% used [0x000000076b580000,0x0000000777d00000,0x0000000777d00000)
  from space 23040K, 47% used [0x0000000777d00000,0x00000007787a2a10,0x0000000779380000)
  to   space 22528K, 0% used [0x0000000780000000,0x0000000780000000,0x0000000781600000)
 ParOldGen       total 176640K, used 40355K [0x00000006c2000000, 0x00000006ccc80000, 0x000000076b580000)
  object space 176640K, 22% used [0x00000006c2000000,0x00000006c4768dd0,0x00000006ccc80000)
 Metaspace       used 51079K, capacity 51824K, committed 52224K, reserved 1095680K
  class space    used 6031K, capacity 6287K, committed 6400K, reserved 1048576K
Event: 20.993 GC heap after
Heap after GC invocations=14 (full 2):
 PSYoungGen      total 336896K, used 384K [0x000000076b580000, 0x0000000781b00000, 0x00000007c0000000)
  eden space 314368K, 0% used [0x000000076b580000,0x000000076b580000,0x000000077e880000)
  from space 22528K, 1% used [0x0000000780000000,0x0000000780060000,0x0000000781600000)
  to   space 24064K, 0% used [0x000000077e880000,0x000000077e880000,0x0000000780000000)
 ParOldGen       total 176640K, used 50923K [0x00000006c2000000, 0x00000006ccc80000, 0x000000076b580000)
  object space 176640K, 28% used [0x00000006c2000000,0x00000006c51baec0,0x00000006ccc80000)
 Metaspace       used 51079K, capacity 51824K, committed 52224K, reserved 1095680K
  class space    used 6031K, capacity 6287K, committed 6400K, reserved 1048576K
}
Event: 21.360 GC heap before
{Heap before GC invocations=15 (full 2):
 PSYoungGen      total 336896K, used 314752K [0x000000076b580000, 0x0000000781b00000, 0x00000007c0000000)
  eden space 314368K, 100% used [0x000000076b580000,0x000000077e880000,0x000000077e880000)
  from space 22528K, 1% used [0x0000000780000000,0x0000000780060000,0x0000000781600000)
  to   space 24064K, 0% used [0x000000077e880000,0x000000077e880000,0x0000000780000000)
 ParOldGen       total 176640K, used 50923K [0x00000006c2000000, 0x00000006ccc80000, 0x000000076b580000)
  object space 176640K, 28% used [0x00000006c2000000,0x00000006c51baec0,0x00000006ccc80000)
 Metaspace       used 52480K, capacity 53275K, committed 53760K, reserved 1097728K
  class space    used 6070K, capacity 6322K, committed 6400K, reserved 1048576K
Event: 21.366 GC heap after
Heap after GC invocations=15 (full 2):
 PSYoungGen      total 338432K, used 6677K [0x000000076b580000, 0x000000078be00000, 0x00000007c0000000)
  eden space 314368K, 0% used [0x000000076b580000,0x000000076b580000,0x000000077e880000)
  from space 24064K, 27% used [0x000000077e880000,0x000000077ef05788,0x0000000780000000)
  to   space 23552K, 0% used [0x000000078a700000,0x000000078a700000,0x000000078be00000)
 ParOldGen       total 176640K, used 51091K [0x00000006c2000000, 0x00000006ccc80000, 0x000000076b580000)
  object space 176640K, 28% used [0x00000006c2000000,0x00000006c51e4ec0,0x00000006ccc80000)
 Metaspace       used 52480K, capacity 53275K, committed 53760K, reserved 1097728K
  class space    used 6070K, capacity 6322K, committed 6400K, reserved 1048576K
}
Event: 21.438 GC heap before
{Heap before GC invocations=16 (full 2):
 PSYoungGen      total 338432K, used 321045K [0x000000076b580000, 0x000000078be00000, 0x00000007c0000000)
  eden space 314368K, 100% used [0x000000076b580000,0x000000077e880000,0x000000077e880000)
  from space 24064K, 27% used [0x000000077e880000,0x000000077ef05788,0x0000000780000000)
  to   space 23552K, 0% used [0x000000078a700000,0x000000078a700000,0x000000078be00000)
 ParOldGen       total 176640K, used 51091K [0x00000006c2000000, 0x00000006ccc80000, 0x000000076b580000)
  object space 176640K, 28% used [0x00000006c2000000,0x00000006c51e4ec0,0x00000006ccc80000)
 Metaspace       used 52480K, capacity 53275K, committed 53760K, reserved 1097728K
  class space    used 6070K, capacity 6322K, committed 6400K, reserved 1048576K
Event: 21.444 GC heap after
Heap after GC invocations=16 (full 2):
 PSYoungGen      total 508416K, used 352K [0x000000076b580000, 0x000000078c000000, 0x00000007c0000000)
  eden space 484864K, 0% used [0x000000076b580000,0x000000076b580000,0x0000000788f00000)
  from space 23552K, 1% used [0x000000078a700000,0x000000078a758000,0x000000078be00000)
  to   space 24576K, 0% used [0x0000000788f00000,0x0000000788f00000,0x000000078a700000)
 ParOldGen       total 176640K, used 57535K [0x00000006c2000000, 0x00000006ccc80000, 0x000000076b580000)
  object space 176640K, 32% used [0x00000006c2000000,0x00000006c582ff68,0x00000006ccc80000)
 Metaspace       used 52480K, capacity 53275K, committed 53760K, reserved 1097728K
  class space    used 6070K, capacity 6322K, committed 6400K, reserved 1048576K
}
Event: 21.617 GC heap before
{Heap before GC invocations=17 (full 2):
 PSYoungGen      total 508416K, used 485216K [0x000000076b580000, 0x000000078c000000, 0x00000007c0000000)
  eden space 484864K, 100% used [0x000000076b580000,0x0000000788f00000,0x0000000788f00000)
  from space 23552K, 1% used [0x000000078a700000,0x000000078a758000,0x000000078be00000)
  to   space 24576K, 0% used [0x0000000788f00000,0x0000000788f00000,0x000000078a700000)
 ParOldGen       total 176640K, used 57535K [0x00000006c2000000, 0x00000006ccc80000, 0x000000076b580000)
  object space 176640K, 32% used [0x00000006c2000000,0x00000006c582ff68,0x00000006ccc80000)
 Metaspace       used 52480K, capacity 53275K, committed 53760K, reserved 1097728K
  class space    used 6070K, capacity 6322K, committed 6400K, reserved 1048576K
Event: 21.621 GC heap after
Heap after GC invocations=17 (full 2):
 PSYoungGen      total 509440K, used 242K [0x000000076b580000, 0x000000078c000000, 0x00000007c0000000)
  eden space 484864K, 0% used [0x000000076b580000,0x000000076b580000,0x0000000788f00000)
  from space 24576K, 0% used [0x0000000788f00000,0x0000000788f3c8f0,0x000000078a700000)
  to   space 23552K, 0% used [0x000000078a700000,0x000000078a700000,0x000000078be00000)
 ParOldGen       total 176640K, used 57623K [0x00000006c2000000, 0x00000006ccc80000, 0x000000076b580000)
  object space 176640K, 32% used [0x00000006c2000000,0x00000006c5845f68,0x00000006ccc80000)
 Metaspace       used 52480K, capacity 53275K, committed 53760K, reserved 1097728K
  class space    used 6070K, capacity 6322K, committed 6400K, reserved 1048576K
}
Event: 21.923 GC heap before
{Heap before GC invocations=18 (full 2):
 PSYoungGen      total 509440K, used 485106K [0x000000076b580000, 0x000000078c000000, 0x00000007c0000000)
  eden space 484864K, 100% used [0x000000076b580000,0x0000000788f00000,0x0000000788f00000)
  from space 24576K, 0% used [0x0000000788f00000,0x0000000788f3c8f0,0x000000078a700000)
  to   space 23552K, 0% used [0x000000078a700000,0x000000078a700000,0x000000078be00000)
 ParOldGen       total 176640K, used 57623K [0x00000006c2000000, 0x00000006ccc80000, 0x000000076b580000)
  object space 176640K, 32% used [0x00000006c2000000,0x00000006c5845f68,0x00000006ccc80000)
 Metaspace       used 53422K, capacity 54241K, committed 54656K, reserved 1097728K
  class space    used 6184K, capacity 6451K, committed 6528K, reserved 1048576K
Event: 21.929 GC heap after
Heap after GC invocations=18 (full 2):
 PSYoungGen      total 508416K, used 3968K [0x000000076b580000, 0x000000078c000000, 0x00000007c0000000)
  eden space 484864K, 0% used [0x000000076b580000,0x000000076b580000,0x0000000788f00000)
  from space 23552K, 16% used [0x000000078a700000,0x000000078aae0118,0x000000078be00000)
  to   space 24576K, 0% used [0x0000000788f00000,0x0000000788f00000,0x000000078a700000)
 ParOldGen       total 176640K, used 57759K [0x00000006c2000000, 0x00000006ccc80000, 0x000000076b580000)
  object space 176640K, 32% used [0x00000006c2000000,0x00000006c5867f68,0x00000006ccc80000)
 Metaspace       used 53422K, capacity 54241K, committed 54656K, reserved 1097728K
  class space    used 6184K, capacity 6451K, committed 6528K, reserved 1048576K
}

